{"/Users/jazminejames/Downloads/express-biztime/app.js": {"path":"/Users/jazminejames/Downloads/express-biztime/app.js","statementMap":{"0":{"start":{"line":2,"column":16},"end":{"line":2,"column":34}},"1":{"start":{"line":3,"column":12},"end":{"line":3,"column":21}},"2":{"start":{"line":4,"column":21},"end":{"line":4,"column":46}},"3":{"start":{"line":6,"column":0},"end":{"line":6,"column":24}},"4":{"start":{"line":8,"column":24},"end":{"line":8,"column":53}},"5":{"start":{"line":9,"column":0},"end":{"line":9,"column":38}},"6":{"start":{"line":11,"column":22},"end":{"line":11,"column":50}},"7":{"start":{"line":12,"column":0},"end":{"line":12,"column":35}},"8":{"start":{"line":16,"column":0},"end":{"line":20,"column":3}},"9":{"start":{"line":17,"column":14},"end":{"line":17,"column":48}},"10":{"start":{"line":18,"column":2},"end":{"line":18,"column":20}},"11":{"start":{"line":19,"column":2},"end":{"line":19,"column":19}},"12":{"start":{"line":24,"column":0},"end":{"line":31,"column":3}},"13":{"start":{"line":25,"column":2},"end":{"line":25,"column":32}},"14":{"start":{"line":27,"column":2},"end":{"line":30,"column":5}},"15":{"start":{"line":34,"column":0},"end":{"line":34,"column":21}}},"fnMap":{"0":{"name":"(anonymous_0)","decl":{"start":{"line":16,"column":8},"end":{"line":16,"column":9}},"loc":{"start":{"line":16,"column":33},"end":{"line":20,"column":1}},"line":16},"1":{"name":"(anonymous_1)","decl":{"start":{"line":24,"column":8},"end":{"line":24,"column":9}},"loc":{"start":{"line":24,"column":33},"end":{"line":31,"column":1}},"line":24}},"branchMap":{"0":{"loc":{"start":{"line":25,"column":13},"end":{"line":25,"column":30}},"type":"binary-expr","locations":[{"start":{"line":25,"column":13},"end":{"line":25,"column":23}},{"start":{"line":25,"column":27},"end":{"line":25,"column":30}}],"line":25}},"s":{"0":2,"1":2,"2":2,"3":2,"4":2,"5":2,"6":2,"7":2,"8":2,"9":0,"10":0,"11":0,"12":2,"13":11,"14":11,"15":2},"f":{"0":0,"1":11},"b":{"0":[11,3]},"_coverageSchema":"1a1c01bbd47fc00a2c39e90264f33305004495a9","hash":"18b4130a330b3cfda93ec3c6008a41d3a5bd8700"}
,"/Users/jazminejames/Downloads/express-biztime/db.js": {"path":"/Users/jazminejames/Downloads/express-biztime/db.js","statementMap":{"0":{"start":{"line":2,"column":19},"end":{"line":2,"column":32}},"1":{"start":{"line":6,"column":0},"end":{"line":10,"column":1}},"2":{"start":{"line":7,"column":4},"end":{"line":7,"column":42}},"3":{"start":{"line":9,"column":4},"end":{"line":9,"column":36}},"4":{"start":{"line":12,"column":9},"end":{"line":14,"column":2}},"5":{"start":{"line":16,"column":0},"end":{"line":16,"column":13}},"6":{"start":{"line":18,"column":0},"end":{"line":18,"column":20}}},"fnMap":{},"branchMap":{"0":{"loc":{"start":{"line":6,"column":0},"end":{"line":10,"column":1}},"type":"if","locations":[{"start":{"line":6,"column":0},"end":{"line":10,"column":1}},{"start":{"line":8,"column":7},"end":{"line":10,"column":1}}],"line":6}},"s":{"0":2,"1":2,"2":2,"3":0,"4":2,"5":2,"6":2},"f":{},"b":{"0":[2,0]},"_coverageSchema":"1a1c01bbd47fc00a2c39e90264f33305004495a9","hash":"16ba8efe6993e4c293bd43b5e0837ec0117a0302"}
,"/Users/jazminejames/Downloads/express-biztime/expressError.js": {"path":"/Users/jazminejames/Downloads/express-biztime/expressError.js","statementMap":{"0":{"start":{"line":9,"column":4},"end":{"line":9,"column":12}},"1":{"start":{"line":10,"column":4},"end":{"line":10,"column":27}},"2":{"start":{"line":11,"column":4},"end":{"line":11,"column":25}},"3":{"start":{"line":12,"column":4},"end":{"line":12,"column":30}},"4":{"start":{"line":17,"column":0},"end":{"line":17,"column":30}}},"fnMap":{"0":{"name":"(anonymous_0)","decl":{"start":{"line":8,"column":2},"end":{"line":8,"column":3}},"loc":{"start":{"line":8,"column":31},"end":{"line":13,"column":3}},"line":8}},"branchMap":{},"s":{"0":8,"1":8,"2":8,"3":8,"4":2},"f":{"0":8},"b":{},"_coverageSchema":"1a1c01bbd47fc00a2c39e90264f33305004495a9","hash":"03f0e2bcb72007dc03c1db044114fc1f741696ba"}
,"/Users/jazminejames/Downloads/express-biztime/routes/companies.js": {"path":"/Users/jazminejames/Downloads/express-biztime/routes/companies.js","statementMap":{"0":{"start":{"line":1,"column":16},"end":{"line":1,"column":34}},"1":{"start":{"line":2,"column":15},"end":{"line":2,"column":31}},"2":{"start":{"line":3,"column":21},"end":{"line":3,"column":47}},"3":{"start":{"line":5,"column":11},"end":{"line":5,"column":27}},"4":{"start":{"line":9,"column":0},"end":{"line":19,"column":3}},"5":{"start":{"line":12,"column":4},"end":{"line":18,"column":5}},"6":{"start":{"line":13,"column":24},"end":{"line":13,"column":65}},"7":{"start":{"line":15,"column":8},"end":{"line":15,"column":51}},"8":{"start":{"line":17,"column":8},"end":{"line":17,"column":18}},"9":{"start":{"line":21,"column":0},"end":{"line":57,"column":3}},"10":{"start":{"line":25,"column":4},"end":{"line":56,"column":5}},"11":{"start":{"line":26,"column":25},"end":{"line":26,"column":35}},"12":{"start":{"line":28,"column":24},"end":{"line":33,"column":43}},"13":{"start":{"line":35,"column":8},"end":{"line":37,"column":9}},"14":{"start":{"line":36,"column":12},"end":{"line":36,"column":69}},"15":{"start":{"line":39,"column":26},"end":{"line":50,"column":9}},"16":{"start":{"line":52,"column":8},"end":{"line":52,"column":48}},"17":{"start":{"line":55,"column":8},"end":{"line":55,"column":25}},"18":{"start":{"line":60,"column":0},"end":{"line":74,"column":3}},"19":{"start":{"line":63,"column":4},"end":{"line":73,"column":5}},"20":{"start":{"line":64,"column":44},"end":{"line":64,"column":52}},"21":{"start":{"line":65,"column":24},"end":{"line":67,"column":62}},"22":{"start":{"line":69,"column":8},"end":{"line":69,"column":63}},"23":{"start":{"line":71,"column":8},"end":{"line":71,"column":27}},"24":{"start":{"line":72,"column":8},"end":{"line":72,"column":24}},"25":{"start":{"line":77,"column":0},"end":{"line":97,"column":3}},"26":{"start":{"line":80,"column":4},"end":{"line":96,"column":5}},"27":{"start":{"line":81,"column":25},"end":{"line":81,"column":35}},"28":{"start":{"line":82,"column":38},"end":{"line":82,"column":46}},"29":{"start":{"line":84,"column":24},"end":{"line":86,"column":62}},"30":{"start":{"line":88,"column":8},"end":{"line":90,"column":9}},"31":{"start":{"line":89,"column":12},"end":{"line":89,"column":69}},"32":{"start":{"line":92,"column":8},"end":{"line":92,"column":52}},"33":{"start":{"line":94,"column":8},"end":{"line":94,"column":27}},"34":{"start":{"line":95,"column":8},"end":{"line":95,"column":25}},"35":{"start":{"line":100,"column":0},"end":{"line":118,"column":2}},"36":{"start":{"line":103,"column":4},"end":{"line":117,"column":5}},"37":{"start":{"line":104,"column":25},"end":{"line":104,"column":35}},"38":{"start":{"line":105,"column":24},"end":{"line":107,"column":43}},"39":{"start":{"line":109,"column":8},"end":{"line":111,"column":9}},"40":{"start":{"line":110,"column":12},"end":{"line":110,"column":74}},"41":{"start":{"line":113,"column":8},"end":{"line":113,"column":41}},"42":{"start":{"line":115,"column":8},"end":{"line":115,"column":27}},"43":{"start":{"line":116,"column":8},"end":{"line":116,"column":25}},"44":{"start":{"line":120,"column":0},"end":{"line":120,"column":24}}},"fnMap":{"0":{"name":"(anonymous_0)","decl":{"start":{"line":9,"column":16},"end":{"line":9,"column":17}},"loc":{"start":{"line":9,"column":42},"end":{"line":19,"column":1}},"line":9},"1":{"name":"(anonymous_1)","decl":{"start":{"line":21,"column":21},"end":{"line":21,"column":22}},"loc":{"start":{"line":21,"column":47},"end":{"line":57,"column":1}},"line":21},"2":{"name":"(anonymous_2)","decl":{"start":{"line":60,"column":17},"end":{"line":60,"column":18}},"loc":{"start":{"line":60,"column":43},"end":{"line":74,"column":1}},"line":60},"3":{"name":"(anonymous_3)","decl":{"start":{"line":77,"column":21},"end":{"line":77,"column":22}},"loc":{"start":{"line":77,"column":47},"end":{"line":97,"column":1}},"line":77},"4":{"name":"(anonymous_4)","decl":{"start":{"line":100,"column":24},"end":{"line":100,"column":25}},"loc":{"start":{"line":100,"column":50},"end":{"line":118,"column":1}},"line":100}},"branchMap":{"0":{"loc":{"start":{"line":35,"column":8},"end":{"line":37,"column":9}},"type":"if","locations":[{"start":{"line":35,"column":8},"end":{"line":37,"column":9}},{"start":{},"end":{}}],"line":35},"1":{"loc":{"start":{"line":88,"column":8},"end":{"line":90,"column":9}},"type":"if","locations":[{"start":{"line":88,"column":8},"end":{"line":90,"column":9}},{"start":{},"end":{}}],"line":88},"2":{"loc":{"start":{"line":109,"column":8},"end":{"line":111,"column":9}},"type":"if","locations":[{"start":{"line":109,"column":8},"end":{"line":111,"column":9}},{"start":{},"end":{}}],"line":109}},"s":{"0":2,"1":2,"2":2,"3":2,"4":2,"5":2,"6":2,"7":2,"8":0,"9":2,"10":2,"11":2,"12":2,"13":2,"14":1,"15":1,"16":1,"17":1,"18":2,"19":2,"20":2,"21":2,"22":2,"23":0,"24":0,"25":2,"26":2,"27":2,"28":2,"29":2,"30":2,"31":2,"32":0,"33":2,"34":2,"35":2,"36":2,"37":2,"38":2,"39":2,"40":1,"41":1,"42":1,"43":1,"44":2},"f":{"0":2,"1":2,"2":2,"3":2,"4":2},"b":{"0":[1,1],"1":[2,0],"2":[1,1]},"_coverageSchema":"1a1c01bbd47fc00a2c39e90264f33305004495a9","hash":"8f915793a06d241fdcc46e1fd99389fd527bb990"}
,"/Users/jazminejames/Downloads/express-biztime/routes/invoices.js": {"path":"/Users/jazminejames/Downloads/express-biztime/routes/invoices.js","statementMap":{"0":{"start":{"line":1,"column":16},"end":{"line":1,"column":34}},"1":{"start":{"line":2,"column":15},"end":{"line":2,"column":31}},"2":{"start":{"line":3,"column":21},"end":{"line":3,"column":47}},"3":{"start":{"line":5,"column":11},"end":{"line":5,"column":27}},"4":{"start":{"line":7,"column":0},"end":{"line":16,"column":3}},"5":{"start":{"line":9,"column":4},"end":{"line":15,"column":5}},"6":{"start":{"line":10,"column":24},"end":{"line":10,"column":64}},"7":{"start":{"line":11,"column":8},"end":{"line":11,"column":49}},"8":{"start":{"line":12,"column":8},"end":{"line":12,"column":49}},"9":{"start":{"line":14,"column":8},"end":{"line":14,"column":17}},"10":{"start":{"line":19,"column":0},"end":{"line":47,"column":3}},"11":{"start":{"line":20,"column":4},"end":{"line":46,"column":5}},"12":{"start":{"line":21,"column":23},"end":{"line":21,"column":33}},"13":{"start":{"line":22,"column":24},"end":{"line":27,"column":45}},"14":{"start":{"line":29,"column":26},"end":{"line":40,"column":9}},"15":{"start":{"line":41,"column":8},"end":{"line":41,"column":43}},"16":{"start":{"line":42,"column":8},"end":{"line":42,"column":47}},"17":{"start":{"line":44,"column":8},"end":{"line":44,"column":27}},"18":{"start":{"line":45,"column":8},"end":{"line":45,"column":17}},"19":{"start":{"line":49,"column":0},"end":{"line":63,"column":3}},"20":{"start":{"line":50,"column":4},"end":{"line":62,"column":5}},"21":{"start":{"line":51,"column":35},"end":{"line":51,"column":43}},"22":{"start":{"line":52,"column":24},"end":{"line":55,"column":41}},"23":{"start":{"line":57,"column":8},"end":{"line":57,"column":63}},"24":{"start":{"line":59,"column":8},"end":{"line":59,"column":27}},"25":{"start":{"line":60,"column":8},"end":{"line":60,"column":37}},"26":{"start":{"line":61,"column":8},"end":{"line":61,"column":18}},"27":{"start":{"line":66,"column":0},"end":{"line":86,"column":3}},"28":{"start":{"line":67,"column":4},"end":{"line":85,"column":5}},"29":{"start":{"line":68,"column":23},"end":{"line":68,"column":33}},"30":{"start":{"line":69,"column":24},"end":{"line":69,"column":32}},"31":{"start":{"line":71,"column":24},"end":{"line":75,"column":42}},"32":{"start":{"line":77,"column":8},"end":{"line":79,"column":9}},"33":{"start":{"line":78,"column":12},"end":{"line":78,"column":67}},"34":{"start":{"line":81,"column":8},"end":{"line":81,"column":49}},"35":{"start":{"line":83,"column":8},"end":{"line":83,"column":27}},"36":{"start":{"line":84,"column":8},"end":{"line":84,"column":25}},"37":{"start":{"line":88,"column":0},"end":{"line":100,"column":2}},"38":{"start":{"line":89,"column":4},"end":{"line":99,"column":5}},"39":{"start":{"line":90,"column":23},"end":{"line":90,"column":33}},"40":{"start":{"line":91,"column":24},"end":{"line":91,"column":95}},"41":{"start":{"line":92,"column":8},"end":{"line":94,"column":9}},"42":{"start":{"line":93,"column":12},"end":{"line":93,"column":72}},"43":{"start":{"line":95,"column":8},"end":{"line":95,"column":44}},"44":{"start":{"line":97,"column":8},"end":{"line":97,"column":27}},"45":{"start":{"line":98,"column":8},"end":{"line":98,"column":17}},"46":{"start":{"line":104,"column":0},"end":{"line":104,"column":24}}},"fnMap":{"0":{"name":"(anonymous_0)","decl":{"start":{"line":7,"column":16},"end":{"line":7,"column":17}},"loc":{"start":{"line":7,"column":42},"end":{"line":16,"column":1}},"line":7},"1":{"name":"(anonymous_1)","decl":{"start":{"line":19,"column":19},"end":{"line":19,"column":20}},"loc":{"start":{"line":19,"column":45},"end":{"line":47,"column":1}},"line":19},"2":{"name":"(anonymous_2)","decl":{"start":{"line":49,"column":17},"end":{"line":49,"column":18}},"loc":{"start":{"line":49,"column":43},"end":{"line":63,"column":1}},"line":49},"3":{"name":"(anonymous_3)","decl":{"start":{"line":66,"column":19},"end":{"line":66,"column":20}},"loc":{"start":{"line":66,"column":45},"end":{"line":86,"column":1}},"line":66},"4":{"name":"(anonymous_4)","decl":{"start":{"line":88,"column":22},"end":{"line":88,"column":23}},"loc":{"start":{"line":88,"column":48},"end":{"line":100,"column":1}},"line":88}},"branchMap":{"0":{"loc":{"start":{"line":77,"column":8},"end":{"line":79,"column":9}},"type":"if","locations":[{"start":{"line":77,"column":8},"end":{"line":79,"column":9}},{"start":{},"end":{}}],"line":77},"1":{"loc":{"start":{"line":92,"column":8},"end":{"line":94,"column":9}},"type":"if","locations":[{"start":{"line":92,"column":8},"end":{"line":94,"column":9}},{"start":{},"end":{}}],"line":92}},"s":{"0":2,"1":2,"2":2,"3":2,"4":2,"5":2,"6":2,"7":2,"8":2,"9":0,"10":2,"11":2,"12":2,"13":2,"14":2,"15":1,"16":1,"17":1,"18":1,"19":2,"20":2,"21":2,"22":2,"23":0,"24":2,"25":2,"26":2,"27":2,"28":2,"29":2,"30":2,"31":2,"32":2,"33":2,"34":0,"35":2,"36":2,"37":2,"38":2,"39":2,"40":2,"41":2,"42":2,"43":0,"44":2,"45":2,"46":2},"f":{"0":2,"1":2,"2":2,"3":2,"4":2},"b":{"0":[2,0],"1":[2,0]},"_coverageSchema":"1a1c01bbd47fc00a2c39e90264f33305004495a9","hash":"f45d2ac57e2d76cbd7f280c6c543e8b410aa1e97"}
}
