TN:
SF:app.js
FN:16,(anonymous_0)
FN:24,(anonymous_1)
FNF:2
FNH:1
FNDA:0,(anonymous_0)
FNDA:11,(anonymous_1)
DA:2,2
DA:3,2
DA:4,2
DA:6,2
DA:8,2
DA:9,2
DA:11,2
DA:12,2
DA:16,2
DA:17,0
DA:18,0
DA:19,0
DA:24,2
DA:25,11
DA:27,11
DA:34,2
LF:16
LH:13
BRDA:25,0,0,11
BRDA:25,0,1,3
BRF:2
BRH:2
end_of_record
TN:
SF:db.js
FNF:0
FNH:0
DA:2,2
DA:6,2
DA:7,2
DA:9,0
DA:12,2
DA:16,2
DA:18,2
LF:7
LH:6
BRDA:6,0,0,2
BRDA:6,0,1,0
BRF:2
BRH:1
end_of_record
TN:
SF:expressError.js
FN:8,(anonymous_0)
FNF:1
FNH:1
FNDA:8,(anonymous_0)
DA:9,8
DA:10,8
DA:11,8
DA:12,8
DA:17,2
LF:5
LH:5
BRF:0
BRH:0
end_of_record
TN:
SF:routes/companies.js
FN:9,(anonymous_0)
FN:21,(anonymous_1)
FN:60,(anonymous_2)
FN:77,(anonymous_3)
FN:100,(anonymous_4)
FNF:5
FNH:5
FNDA:2,(anonymous_0)
FNDA:2,(anonymous_1)
FNDA:2,(anonymous_2)
FNDA:2,(anonymous_3)
FNDA:2,(anonymous_4)
DA:1,2
DA:2,2
DA:3,2
DA:5,2
DA:9,2
DA:12,2
DA:13,2
DA:15,2
DA:17,0
DA:21,2
DA:25,2
DA:26,2
DA:28,2
DA:35,2
DA:36,1
DA:39,1
DA:52,1
DA:55,1
DA:60,2
DA:63,2
DA:64,2
DA:65,2
DA:69,2
DA:71,0
DA:72,0
DA:77,2
DA:80,2
DA:81,2
DA:82,2
DA:84,2
DA:88,2
DA:89,2
DA:92,0
DA:94,2
DA:95,2
DA:100,2
DA:103,2
DA:104,2
DA:105,2
DA:109,2
DA:110,1
DA:113,1
DA:115,1
DA:116,1
DA:120,2
LF:45
LH:41
BRDA:35,0,0,1
BRDA:35,0,1,1
BRDA:88,1,0,2
BRDA:88,1,1,0
BRDA:109,2,0,1
BRDA:109,2,1,1
BRF:6
BRH:5
end_of_record
TN:
SF:routes/invoices.js
FN:7,(anonymous_0)
FN:19,(anonymous_1)
FN:49,(anonymous_2)
FN:66,(anonymous_3)
FN:88,(anonymous_4)
FNF:5
FNH:5
FNDA:2,(anonymous_0)
FNDA:2,(anonymous_1)
FNDA:2,(anonymous_2)
FNDA:2,(anonymous_3)
FNDA:2,(anonymous_4)
DA:1,2
DA:2,2
DA:3,2
DA:5,2
DA:7,2
DA:9,2
DA:10,2
DA:11,2
DA:12,2
DA:14,0
DA:19,2
DA:20,2
DA:21,2
DA:22,2
DA:29,2
DA:41,1
DA:42,1
DA:44,1
DA:45,1
DA:49,2
DA:50,2
DA:51,2
DA:52,2
DA:57,0
DA:59,2
DA:60,2
DA:61,2
DA:66,2
DA:67,2
DA:68,2
DA:69,2
DA:71,2
DA:77,2
DA:78,2
DA:81,0
DA:83,2
DA:84,2
DA:88,2
DA:89,2
DA:90,2
DA:91,2
DA:92,2
DA:93,2
DA:95,0
DA:97,2
DA:98,2
DA:104,2
LF:47
LH:43
BRDA:77,0,0,2
BRDA:77,0,1,0
BRDA:92,1,0,2
BRDA:92,1,1,0
BRF:4
BRH:2
end_of_record
